==9325== Memcheck, a memory error detector
==9325== Copyright (C) 2002-2017, and GNU GPL'd, by Julian Seward et al.
==9325== Using Valgrind-3.18.1-42b08ed5bd-20211015 and LibVEX; rerun with -h for copyright info
==9325== Command: ./My_shell
==9325== Parent PID: 5640
==9325== 
--9325-- 
--9325-- Valgrind options:
--9325--    -v
--9325--    --log-file=valgrind.log
--9325--    --tool=memcheck
--9325--    --leak-check=full
--9325--    --show-mismatched-frees=yes
--9325-- Contents of /proc/version:
--9325--   Linux version 6.5.0-26-generic (buildd@lcy02-amd64-051) (x86_64-linux-gnu-gcc-12 (Ubuntu 12.3.0-1ubuntu1~22.04) 12.3.0, GNU ld (GNU Binutils for Ubuntu) 2.38) #26~22.04.1-Ubuntu SMP PREEMPT_DYNAMIC Tue Mar 12 10:22:43 UTC 2
--9325-- 
--9325-- Arch and hwcaps: AMD64, LittleEndian, amd64-cx16-lzcnt-rdtscp-sse3-ssse3-avx-avx2-bmi-f16c-rdrand-rdseed
--9325-- Page sizes: currently 4096, max supported 4096
--9325-- Valgrind library directory: /usr/libexec/valgrind
--9325-- Reading syms from /home/zyc/桌面/My_shell./My_shell
--9325-- Reading syms from /usr/lib/x86_64-linux-gnu/ld-linux-x86-64.so.2
--9325--   Considering /usr/lib/debug/.build-id/15/921ea631d9f36502d20459c43e5c85b7d6ab76.debug ..
--9325--   .. build-id is valid
--9325-- Reading syms from /usr/libexec/valgrind/memcheck-amd64-linux
--9325--    object doesn't have a symbol table
--9325--    object doesn't have a dynamic symbol table
--9325-- Scheduler: using generic scheduler lock implementation.
--9325-- Reading suppressions file: /usr/libexec/valgrind/default.supp
==9325== embedded gdbserver: reading from /tmp/vgdb-pipe-from-vgdb-to-9325-by-zyc-on-???
==9325== embedded gdbserver: writing to   /tmp/vgdb-pipe-to-vgdb-from-9325-by-zyc-on-???
==9325== embedded gdbserver: shared mem   /tmp/vgdb-pipe-shared-mem-vgdb-9325-by-zyc-on-???
==9325== 
==9325== TO CONTROL THIS PROCESS USING vgdb (which you probably
==9325== don't want to do, unless you know exactly what you're doing,
==9325== or are doing some strange experiment):
==9325==   /usr/bin/vgdb --pid=9325 ...command...
==9325== 
==9325== TO DEBUG THIS PROCESS USING GDB: start GDB like this
==9325==   /path/to/gdb ./My_shell
==9325== and then give GDB the following command
==9325==   target remote | /usr/bin/vgdb --pid=9325
==9325== --pid is optional if only one valgrind process is running
==9325== 
--9325-- REDIR: 0x402aa40 (ld-linux-x86-64.so.2:strlen) redirected to 0x580bcec2 (???)
--9325-- REDIR: 0x402a810 (ld-linux-x86-64.so.2:index) redirected to 0x580bcedc (???)
--9325-- Reading syms from /usr/libexec/valgrind/vgpreload_core-amd64-linux.so
--9325--    object doesn't have a symbol table
--9325-- Reading syms from /usr/libexec/valgrind/vgpreload_memcheck-amd64-linux.so
--9325--    object doesn't have a symbol table
==9325== WARNING: new redirection conflicts with existing -- ignoring it
--9325--     old: 0x0402aa40 (strlen              ) R-> (0000.0) 0x580bcec2 ???
--9325--     new: 0x0402aa40 (strlen              ) R-> (2007.0) 0x0484ee30 strlen
--9325-- REDIR: 0x4027220 (ld-linux-x86-64.so.2:strcmp) redirected to 0x484fcd0 (strcmp)
--9325-- REDIR: 0x402afa0 (ld-linux-x86-64.so.2:mempcpy) redirected to 0x4853840 (mempcpy)
--9325-- Reading syms from /usr/lib/x86_64-linux-gnu/libc.so.6
--9325--   Considering /usr/lib/debug/.build-id/c2/89da5071a3399de893d2af81d6a30c62646e1e.debug ..
--9325--   .. build-id is valid
==9325== WARNING: new redirection conflicts with existing -- ignoring it
--9325--     old: 0x04910c60 (memalign            ) R-> (1011.0) 0x0484e080 memalign
--9325--     new: 0x04910c60 (memalign            ) R-> (1017.0) 0x0484e050 aligned_alloc
==9325== WARNING: new redirection conflicts with existing -- ignoring it
--9325--     old: 0x04910c60 (memalign            ) R-> (1011.0) 0x0484e080 memalign
--9325--     new: 0x04910c60 (memalign            ) R-> (1017.0) 0x0484e020 aligned_alloc
==9325== WARNING: new redirection conflicts with existing -- ignoring it
--9325--     old: 0x04910c60 (memalign            ) R-> (1011.0) 0x0484e080 memalign
--9325--     new: 0x04910c60 (memalign            ) R-> (1017.0) 0x0484e050 aligned_alloc
==9325== WARNING: new redirection conflicts with existing -- ignoring it
--9325--     old: 0x04910c60 (memalign            ) R-> (1011.0) 0x0484e080 memalign
--9325--     new: 0x04910c60 (memalign            ) R-> (1017.0) 0x0484e020 aligned_alloc
--9325-- REDIR: 0x4913720 (libc.so.6:strnlen) redirected to 0x483f220 (_vgnU_ifunc_wrapper)
--9325-- REDIR: 0x49139e0 (libc.so.6:strpbrk) redirected to 0x483f220 (_vgnU_ifunc_wrapper)
--9325-- REDIR: 0x49132e0 (libc.so.6:strcmp) redirected to 0x483f220 (_vgnU_ifunc_wrapper)
--9325-- REDIR: 0x4931cd0 (libc.so.6:wcsnlen) redirected to 0x483f220 (_vgnU_ifunc_wrapper)
--9325-- REDIR: 0x49146d0 (libc.so.6:memset) redirected to 0x483f220 (_vgnU_ifunc_wrapper)
--9325-- REDIR: 0x4930540 (libc.so.6:wcslen) redirected to 0x483f220 (_vgnU_ifunc_wrapper)
--9325-- REDIR: 0x4914c10 (libc.so.6:memcpy@@GLIBC_2.14) redirected to 0x483f220 (_vgnU_ifunc_wrapper)
--9325-- REDIR: 0x4930370 (libc.so.6:wcschr) redirected to 0x483f220 (_vgnU_ifunc_wrapper)
--9325-- REDIR: 0x4913260 (libc.so.6:index) redirected to 0x483f220 (_vgnU_ifunc_wrapper)
--9325-- REDIR: 0x4913960 (libc.so.6:rindex) redirected to 0x483f220 (_vgnU_ifunc_wrapper)
--9325-- REDIR: 0x49145a0 (libc.so.6:memmove) redirected to 0x483f220 (_vgnU_ifunc_wrapper)
==9325== Preferring higher priority redirection:
--9325--     old: 0x04a0b7c0 (__memcpy_avx_unalign) R-> (2018.0) 0x04850f90 __memcpy_avx_unaligned_erms
--9325--     new: 0x04a0b7c0 (__memcpy_avx_unalign) R-> (2018.1) 0x04852880 memmove
--9325-- REDIR: 0x49303f0 (libc.so.6:wcscmp) redirected to 0x483f220 (_vgnU_ifunc_wrapper)
--9325-- REDIR: 0x49149e0 (libc.so.6:stpncpy) redirected to 0x483f220 (_vgnU_ifunc_wrapper)
--9325-- REDIR: 0x49309b0 (libc.so.6:wmemchr) redirected to 0x483f220 (_vgnU_ifunc_wrapper)
--9325-- REDIR: 0x4913830 (libc.so.6:strncmp) redirected to 0x483f220 (_vgnU_ifunc_wrapper)
--9325-- REDIR: 0x4914a70 (libc.so.6:strcasecmp) redirected to 0x483f220 (_vgnU_ifunc_wrapper)
--9325-- REDIR: 0x4913420 (libc.so.6:strcspn) redirected to 0x483f220 (_vgnU_ifunc_wrapper)
--9325-- REDIR: 0x4930470 (libc.so.6:wcscpy) redirected to 0x483f220 (_vgnU_ifunc_wrapper)
--9325-- REDIR: 0x49131d0 (libc.so.6:strcat) redirected to 0x483f220 (_vgnU_ifunc_wrapper)
--9325-- REDIR: 0x4914b60 (libc.so.6:strncasecmp_l) redirected to 0x483f220 (_vgnU_ifunc_wrapper)
--9325-- REDIR: 0x4914480 (libc.so.6:bcmp) redirected to 0x483f220 (_vgnU_ifunc_wrapper)
--9325-- REDIR: 0x491c570 (libc.so.6:memrchr) redirected to 0x483f220 (_vgnU_ifunc_wrapper)
--9325-- REDIR: 0x4916010 (libc.so.6:strchrnul) redirected to 0x483f220 (_vgnU_ifunc_wrapper)
--9325-- REDIR: 0x4913390 (libc.so.6:strcpy) redirected to 0x483f220 (_vgnU_ifunc_wrapper)
--9325-- REDIR: 0x4914b10 (libc.so.6:strcasecmp_l) redirected to 0x483f220 (_vgnU_ifunc_wrapper)
--9325-- REDIR: 0x49136a0 (libc.so.6:strlen) redirected to 0x483f220 (_vgnU_ifunc_wrapper)
--9325-- REDIR: 0x49138d0 (libc.so.6:strncpy) redirected to 0x483f220 (_vgnU_ifunc_wrapper)
--9325-- REDIR: 0x4914950 (libc.so.6:stpcpy) redirected to 0x483f220 (_vgnU_ifunc_wrapper)
--9325-- REDIR: 0x49143f0 (libc.so.6:memchr) redirected to 0x483f220 (_vgnU_ifunc_wrapper)
--9325-- REDIR: 0x4913b00 (libc.so.6:strspn) redirected to 0x483f220 (_vgnU_ifunc_wrapper)
--9325-- REDIR: 0x49147d0 (libc.so.6:mempcpy) redirected to 0x483f220 (_vgnU_ifunc_wrapper)
--9325-- REDIR: 0x4914ac0 (libc.so.6:strncasecmp) redirected to 0x483f220 (_vgnU_ifunc_wrapper)
--9325-- REDIR: 0x4915f80 (libc.so.6:rawmemchr) redirected to 0x483f220 (_vgnU_ifunc_wrapper)
--9325-- REDIR: 0x4a08610 (libc.so.6:__strrchr_avx2) redirected to 0x484e810 (rindex)
--9325-- REDIR: 0x4a087e0 (libc.so.6:__strlen_avx2) redirected to 0x484ed10 (strlen)
--9325-- REDIR: 0x4a03d80 (libc.so.6:__strncmp_avx2) redirected to 0x484f3e0 (strncmp)
--9325-- REDIR: 0x4a08400 (libc.so.6:__strchrnul_avx2) redirected to 0x4853330 (strchrnul)
--9325-- REDIR: 0x49100a0 (libc.so.6:malloc) redirected to 0x4848820 (malloc)
--9325-- REDIR: 0x4a0b780 (libc.so.6:__mempcpy_avx_unaligned_erms) redirected to 0x4853440 (mempcpy)
--9325-- REDIR: 0x4a035a0 (libc.so.6:__strcspn_sse42) redirected to 0x4853c70 (strcspn)
--9325-- REDIR: 0x4a042c0 (libc.so.6:__memchr_avx2) redirected to 0x484fd50 (memchr)
--9325-- REDIR: 0x4a0b7c0 (libc.so.6:__memcpy_avx_unaligned_erms) redirected to 0x4852880 (memmove)
--9325-- REDIR: 0x4a03800 (libc.so.6:__strspn_sse42) redirected to 0x4853d50 (strspn)
--9325-- REDIR: 0x4a03940 (libc.so.6:__strcmp_avx2) redirected to 0x484fbd0 (strcmp)
--9325-- REDIR: 0x48b0150 (libc.so.6:setenv) redirected to 0x48542d0 (setenv)
--9325-- REDIR: 0x4a08180 (libc.so.6:__strchr_avx2) redirected to 0x484e9f0 (index)
--9494-- REDIR: 0x4a08960 (libc.so.6:__strnlen_avx2) redirected to 0x484ecb0 (strnlen)
--9325-- REDIR: 0x49103e0 (libc.so.6:free) redirected to 0x484b210 (free)
==9325== 
==9325== HEAP SUMMARY:
==9325==     in use at exit: 0 bytes in 0 blocks
==9325==   total heap usage: 10 allocs, 10 frees, 2,240 bytes allocated
==9325== 
==9325== All heap blocks were freed -- no leaks are possible
==9325== 
==9325== ERROR SUMMARY: 0 errors from 0 contexts (suppressed: 0 from 0)
